[LOG] 2025/02/23 19:15:46 200 -  1.384818035s POST /api/v1/register
[LOG] 2025/02/23 19:16:16 200 -  1.509425599s POST /api/v1/register
[LOG] 2025/02/23 19:17:06 404 -      22.862µs GET /livez
[LOG] 2025/02/23 19:17:06 404 -      15.066µs GET /favicon.ico
[LOG] 2025/02/23 19:18:24 200 -   19.638107ms GET /api/v1/users
[LOG] 2025/02/23 19:18:31 200 -  1.416063158s POST /api/v1/register
[LOG] 2025/02/23 19:18:51 404 -      18.996µs PUT /api/v1/user
[LOG] 2025/02/23 19:18:53 404 -      20.526µs PUT /api/v1/user
[LOG] 2025/02/23 19:18:54 404 -       9.052µs PUT /api/v1/user
[LOG] 2025/02/23 19:18:55 404 -      11.418µs PUT /api/v1/user
[LOG] 2025/02/23 19:19:04 200 -  192.878218ms PUT /api/v1/user/1
[LOG] 2025/02/23 19:19:10 400 -    11.67013ms PUT /api/v1/user/1
[LOG] 2025/02/23 19:19:11 400 -   17.341334ms PUT /api/v1/user/1
[LOG] 2025/02/23 19:20:06 400 -   23.713077ms PUT /api/v1/user/1
[LOG] 2025/02/23 19:21:02 400 -   14.954164ms PUT /api/v1/user/1
[LOG] 2025/02/23 19:21:02 400 -   19.355844ms PUT /api/v1/user/1
[LOG] 2025/02/23 19:22:24 400 -   42.000243ms PUT /api/v1/user/1
[LOG] 2025/02/23 19:22:26 400 -   15.277785ms PUT /api/v1/user/1
[LOG] 2025/02/23 19:22:34 400 -   17.305893ms PUT /api/v1/user/1
[LOG] 2025/02/23 19:22:35 400 -    19.50829ms PUT /api/v1/user/1
[LOG] 2025/02/23 19:22:41 400 -   12.875969ms PUT /api/v1/user/1
[LOG] 2025/02/23 19:22:42 400 -   17.639235ms PUT /api/v1/user/1
[LOG] 2025/02/23 19:22:57 400 -   19.270849ms PUT /api/v1/user/1
[LOG] 2025/02/23 19:22:58 400 -   22.349688ms PUT /api/v1/user/1
[LOG] 2025/02/23 19:23:05 400 -   17.565923ms PUT /api/v1/user/1
[LOG] 2025/02/23 19:23:06 400 -     10.4074ms PUT /api/v1/user/1
[LOG] 2025/02/23 19:23:27 400 -   15.317601ms PUT /api/v1/user/1
[LOG] 2025/02/23 19:23:30 404 -      22.315µs PUT /api/v1/user/
[LOG] 2025/02/23 19:23:33 400 -   11.724151ms PUT /api/v1/user/1
[LOG] 2025/02/23 19:24:23 200 -   25.874521ms PUT /api/v1/user/1
[LOG] 2025/02/23 19:25:22 400 -   23.049292ms PUT /api/v1/user/1
[LOG] 2025/02/23 19:26:22 400 -   18.063411ms PUT /api/v1/user/1
[LOG] 2025/02/23 19:26:23 400 -   15.253686ms PUT /api/v1/user/1
[LOG] 2025/02/23 19:27:38 400 -   34.386632ms PUT /api/v1/user/1
[LOG] 2025/02/23 19:28:51 400 -   20.609542ms PUT /api/v1/user/1
[LOG] 2025/02/23 19:28:56 200 -   25.122387ms GET /api/v1/user/1
[LOG] 2025/02/23 19:29:13 400 -   12.759658ms PUT /api/v1/user/1
[LOG] 2025/02/23 19:29:17 400 -   13.594014ms PUT /api/v1/user/1
